# JRE version: OpenJDK Runtime Environment Temurin-21.0.8+9 (21.0.8+9) (build 21.0.8+9-LTS)
# Java VM: OpenJDK 64-Bit Server VM Temurin-21.0.8+9 (21.0.8+9-LTS, mixed mode, sharing, tiered, compressed oops, compressed class ptrs, parallel gc, windows-amd64)
GC Precious Log:
 CardTable entry size: 512
 CPUs: 12 total, 12 available
 Memory: 7514M
 Large Page Support: Disabled
 NUMA Support: Disabled
 Compressed Oops: Enabled (32-bit)
 Alignments: Space 512K, Generation 512K, Heap 2M
 Heap Min Capacity: 100M
 Heap Initial Capacity: 100M
 Heap Max Capacity: 2G
 Pre-touch: Disabled
 Parallel Workers: 10
Heap:
 PSYoungGen      total 11776K, used 11583K [0x00000000d5580000, 0x00000000d6380000, 0x0000000100000000)
  eden space 9216K, 100% used [0x00000000d5580000,0x00000000d5e80000,0x00000000d5e80000)
  from space 2560K, 92% used [0x00000000d6100000,0x00000000d634fec0,0x00000000d6380000)
  to   space 2560K, 91% used [0x00000000d5e80000,0x00000000d60ca308,0x00000000d6100000)
 ParOldGen       total 211968K, used 211462K [0x0000000080000000, 0x000000008cf00000, 0x00000000d5580000)
  object space 211968K, 99% used [0x0000000080000000,0x000000008ce81ba8,0x000000008cf00000)
 Metaspace       used 77713K, committed 79360K, reserved 1179648K
  class space    used 8174K, committed 8960K, reserved 1048576K
GC Heap History (20 events):
Event: 157.617 GC heap before
{Heap before GC invocations=114 (full 3):
 PSYoungGen      total 12800K, used 12778K [0x00000000d5580000, 0x00000000d6700000, 0x0000000100000000)
  eden space 10240K, 100% used [0x00000000d5580000,0x00000000d5f80000,0x00000000d5f80000)
  from space 2560K, 99% used [0x00000000d6480000,0x00000000d66faa40,0x00000000d6700000)
  to   space 3072K, 0% used [0x00000000d6100000,0x00000000d6100000,0x00000000d6400000)
 ParOldGen       total 187904K, used 187734K [0x0000000080000000, 0x000000008b780000, 0x00000000d5580000)
  object space 187904K, 99% used [0x0000000080000000,0x000000008b755b70,0x000000008b780000)
 Metaspace       used 77711K, committed 79360K, reserved 1179648K
  class space    used 8174K, committed 8960K, reserved 1048576K
}
Event: 157.623 GC heap after
{Heap after GC invocations=114 (full 3):
 PSYoungGen      total 12800K, used 2492K [0x00000000d5580000, 0x00000000d6500000, 0x0000000100000000)
  eden space 10240K, 0% used [0x00000000d5580000,0x00000000d5580000,0x00000000d5f80000)
  from space 2560K, 97% used [0x00000000d6100000,0x00000000d636f0d8,0x00000000d6380000)
  to   space 1536K, 0% used [0x00000000d6380000,0x00000000d6380000,0x00000000d6500000)
 ParOldGen       total 190464K, used 190116K [0x0000000080000000, 0x000000008ba00000, 0x00000000d5580000)
  object space 190464K, 99% used [0x0000000080000000,0x000000008b9a9268,0x000000008ba00000)
 Metaspace       used 77711K, committed 79360K, reserved 1179648K
  class space    used 8174K, committed 8960K, reserved 1048576K
}
Event: 157.749 GC heap before
{Heap before GC invocations=115 (full 3):
 PSYoungGen      total 12800K, used 12732K [0x00000000d5580000, 0x00000000d6500000, 0x0000000100000000)
  eden space 10240K, 100% used [0x00000000d5580000,0x00000000d5f80000,0x00000000d5f80000)
  from space 2560K, 97% used [0x00000000d6100000,0x00000000d636f0d8,0x00000000d6380000)
  to   space 1536K, 0% used [0x00000000d6380000,0x00000000d6380000,0x00000000d6500000)
 ParOldGen       total 190464K, used 190116K [0x0000000080000000, 0x000000008ba00000, 0x00000000d5580000)
  object space 190464K, 99% used [0x0000000080000000,0x000000008b9a9268,0x000000008ba00000)
 Metaspace       used 77711K, committed 79360K, reserved 1179648K
  class space    used 8174K, committed 8960K, reserved 1048576K
}
Event: 157.754 GC heap after
{Heap after GC invocations=115 (full 3):
 PSYoungGen      total 10752K, used 1510K [0x00000000d5580000, 0x00000000d6980000, 0x0000000100000000)
  eden space 9216K, 0% used [0x00000000d5580000,0x00000000d5580000,0x00000000d5e80000)
  from space 1536K, 98% used [0x00000000d6380000,0x00000000d64f98d0,0x00000000d6500000)
  to   space 5120K, 0% used [0x00000000d5e80000,0x00000000d5e80000,0x00000000d6380000)
 ParOldGen       total 193536K, used 193196K [0x0000000080000000, 0x000000008bd00000, 0x00000000d5580000)
  object space 193536K, 99% used [0x0000000080000000,0x000000008bcab080,0x000000008bd00000)
 Metaspace       used 77711K, committed 79360K, reserved 1179648K
  class space    used 8174K, committed 8960K, reserved 1048576K
}
Event: 157.861 GC heap before
{Heap before GC invocations=116 (full 3):
 PSYoungGen      total 10752K, used 10726K [0x00000000d5580000, 0x00000000d6980000, 0x0000000100000000)
  eden space 9216K, 100% used [0x00000000d5580000,0x00000000d5e80000,0x00000000d5e80000)
  from space 1536K, 98% used [0x00000000d6380000,0x00000000d64f98d0,0x00000000d6500000)
  to   space 5120K, 0% used [0x00000000d5e80000,0x00000000d5e80000,0x00000000d6380000)
 ParOldGen       total 193536K, used 193196K [0x0000000080000000, 0x000000008bd00000, 0x00000000d5580000)
  object space 193536K, 99% used [0x0000000080000000,0x000000008bcab080,0x000000008bd00000)
 Metaspace       used 77711K, committed 79360K, reserved 1179648K
  class space    used 8174K, committed 8960K, reserved 1048576K
}
Event: 157.865 GC heap after
{Heap after GC invocations=116 (full 3):
 PSYoungGen      total 11776K, used 2438K [0x00000000d5580000, 0x00000000d6580000, 0x0000000100000000)
  eden space 9216K, 0% used [0x00000000d5580000,0x00000000d5580000,0x00000000d5e80000)
  from space 2560K, 95% used [0x00000000d5e80000,0x00000000d60e1810,0x00000000d6100000)
  to   space 3584K, 0% used [0x00000000d6200000,0x00000000d6200000,0x00000000d6580000)
 ParOldGen       total 195072K, used 194693K [0x0000000080000000, 0x000000008be80000, 0x00000000d5580000)
  object space 195072K, 99% used [0x0000000080000000,0x000000008be21630,0x000000008be80000)
 Metaspace       used 77711K, committed 79360K, reserved 1179648K
  class space    used 8174K, committed 8960K, reserved 1048576K
}
Event: 158.030 GC heap before
{Heap before GC invocations=117 (full 3):
 PSYoungGen      total 11776K, used 11654K [0x00000000d5580000, 0x00000000d6580000, 0x0000000100000000)
  eden space 9216K, 100% used [0x00000000d5580000,0x00000000d5e80000,0x00000000d5e80000)
  from space 2560K, 95% used [0x00000000d5e80000,0x00000000d60e1810,0x00000000d6100000)
  to   space 3584K, 0% used [0x00000000d6200000,0x00000000d6200000,0x00000000d6580000)
 ParOldGen       total 195072K, used 194693K [0x0000000080000000, 0x000000008be80000, 0x00000000d5580000)
  object space 195072K, 99% used [0x0000000080000000,0x000000008be21630,0x000000008be80000)
 Metaspace       used 77711K, committed 79360K, reserved 1179648K
  class space    used 8174K, committed 8960K, reserved 1048576K
}
Event: 158.035 GC heap after
{Heap after GC invocations=117 (full 3):
 PSYoungGen      total 11776K, used 2310K [0x00000000d5580000, 0x00000000d6480000, 0x0000000100000000)
  eden space 9216K, 0% used [0x00000000d5580000,0x00000000d5580000,0x00000000d5e80000)
  from space 2560K, 90% used [0x00000000d6200000,0x00000000d6441bc8,0x00000000d6480000)
  to   space 2560K, 0% used [0x00000000d5e80000,0x00000000d5e80000,0x00000000d6100000)
 ParOldGen       total 197120K, used 196996K [0x0000000080000000, 0x000000008c080000, 0x00000000d5580000)
  object space 197120K, 99% used [0x0000000080000000,0x000000008c061278,0x000000008c080000)
 Metaspace       used 77711K, committed 79360K, reserved 1179648K
  class space    used 8174K, committed 8960K, reserved 1048576K
}
Event: 158.186 GC heap before
{Heap before GC invocations=118 (full 3):
 PSYoungGen      total 11776K, used 11526K [0x00000000d5580000, 0x00000000d6480000, 0x0000000100000000)
  eden space 9216K, 100% used [0x00000000d5580000,0x00000000d5e80000,0x00000000d5e80000)
  from space 2560K, 90% used [0x00000000d6200000,0x00000000d6441bc8,0x00000000d6480000)
  to   space 2560K, 0% used [0x00000000d5e80000,0x00000000d5e80000,0x00000000d6100000)
 ParOldGen       total 197120K, used 196996K [0x0000000080000000, 0x000000008c080000, 0x00000000d5580000)
  object space 197120K, 99% used [0x0000000080000000,0x000000008c061278,0x000000008c080000)
 Metaspace       used 77711K, committed 79360K, reserved 1179648K
  class space    used 8174K, committed 8960K, reserved 1048576K
}
Event: 158.192 GC heap after
{Heap after GC invocations=118 (full 3):
 PSYoungGen      total 11776K, used 2386K [0x00000000d5580000, 0x00000000d6380000, 0x0000000100000000)
  eden space 9216K, 0% used [0x00000000d5580000,0x00000000d5580000,0x00000000d5e80000)
  from space 2560K, 93% used [0x00000000d5e80000,0x00000000d60d4a08,0x00000000d6100000)
  to   space 2560K, 0% used [0x00000000d6100000,0x00000000d6100000,0x00000000d6380000)
 ParOldGen       total 199168K, used 199147K [0x0000000080000000, 0x000000008c280000, 0x00000000d5580000)
  object space 199168K, 99% used [0x0000000080000000,0x000000008c27afa8,0x000000008c280000)
 Metaspace       used 77711K, committed 79360K, reserved 1179648K
  class space    used 8174K, committed 8960K, reserved 1048576K
}
Event: 158.327 GC heap before
{Heap before GC invocations=119 (full 3):
 PSYoungGen      total 11776K, used 11602K [0x00000000d5580000, 0x00000000d6380000, 0x0000000100000000)
  eden space 9216K, 100% used [0x00000000d5580000,0x00000000d5e80000,0x00000000d5e80000)
  from space 2560K, 93% used [0x00000000d5e80000,0x00000000d60d4a08,0x00000000d6100000)
  to   space 2560K, 0% used [0x00000000d6100000,0x00000000d6100000,0x00000000d6380000)
 ParOldGen       total 199168K, used 199147K [0x0000000080000000, 0x000000008c280000, 0x00000000d5580000)
  object space 199168K, 99% used [0x0000000080000000,0x000000008c27afa8,0x000000008c280000)
 Metaspace       used 77711K, committed 79360K, reserved 1179648K
  class space    used 8174K, committed 8960K, reserved 1048576K
}
Event: 158.331 GC heap after
{Heap after GC invocations=119 (full 3):
 PSYoungGen      total 11776K, used 2244K [0x00000000d5580000, 0x00000000d6380000, 0x0000000100000000)
  eden space 9216K, 0% used [0x00000000d5580000,0x00000000d5580000,0x00000000d5e80000)
  from space 2560K, 87% used [0x00000000d6100000,0x00000000d63310b8,0x00000000d6380000)
  to   space 2560K, 0% used [0x00000000d5e80000,0x00000000d5e80000,0x00000000d6100000)
 ParOldGen       total 201728K, used 201365K [0x0000000080000000, 0x000000008c500000, 0x00000000d5580000)
  object space 201728K, 99% used [0x0000000080000000,0x000000008c4a5548,0x000000008c500000)
 Metaspace       used 77711K, committed 79360K, reserved 1179648K
  class space    used 8174K, committed 8960K, reserved 1048576K
}
Event: 158.497 GC heap before
{Heap before GC invocations=120 (full 3):
 PSYoungGen      total 11776K, used 11460K [0x00000000d5580000, 0x00000000d6380000, 0x0000000100000000)
  eden space 9216K, 100% used [0x00000000d5580000,0x00000000d5e80000,0x00000000d5e80000)
  from space 2560K, 87% used [0x00000000d6100000,0x00000000d63310b8,0x00000000d6380000)
  to   space 2560K, 0% used [0x00000000d5e80000,0x00000000d5e80000,0x00000000d6100000)
 ParOldGen       total 201728K, used 201365K [0x0000000080000000, 0x000000008c500000, 0x00000000d5580000)
  object space 201728K, 99% used [0x0000000080000000,0x000000008c4a5548,0x000000008c500000)
 Metaspace       used 77711K, committed 79360K, reserved 1179648K
  class space    used 8174K, committed 8960K, reserved 1048576K
}
Event: 158.501 GC heap after
{Heap after GC invocations=120 (full 3):
 PSYoungGen      total 11776K, used 2236K [0x00000000d5580000, 0x00000000d6380000, 0x0000000100000000)
  eden space 9216K, 0% used [0x00000000d5580000,0x00000000d5580000,0x00000000d5e80000)
  from space 2560K, 87% used [0x00000000d5e80000,0x00000000d60af288,0x00000000d6100000)
  to   space 2560K, 0% used [0x00000000d6100000,0x00000000d6100000,0x00000000d6380000)
 ParOldGen       total 203776K, used 203471K [0x0000000080000000, 0x000000008c700000, 0x00000000d5580000)
  object space 203776K, 99% used [0x0000000080000000,0x000000008c6b3d38,0x000000008c700000)
 Metaspace       used 77711K, committed 79360K, reserved 1179648K
  class space    used 8174K, committed 8960K, reserved 1048576K
}
Event: 158.651 GC heap before
{Heap before GC invocations=121 (full 3):
 PSYoungGen      total 11776K, used 11452K [0x00000000d5580000, 0x00000000d6380000, 0x0000000100000000)
  eden space 9216K, 100% used [0x00000000d5580000,0x00000000d5e80000,0x00000000d5e80000)
  from space 2560K, 87% used [0x00000000d5e80000,0x00000000d60af288,0x00000000d6100000)
  to   space 2560K, 0% used [0x00000000d6100000,0x00000000d6100000,0x00000000d6380000)
 ParOldGen       total 203776K, used 203471K [0x0000000080000000, 0x000000008c700000, 0x00000000d5580000)
  object space 203776K, 99% used [0x0000000080000000,0x000000008c6b3d38,0x000000008c700000)
 Metaspace       used 77711K, committed 79360K, reserved 1179648K
  class space    used 8174K, committed 8960K, reserved 1048576K
}
Event: 158.656 GC heap after
{Heap after GC invocations=121 (full 3):
 PSYoungGen      total 11776K, used 2266K [0x00000000d5580000, 0x00000000d6380000, 0x0000000100000000)
  eden space 9216K, 0% used [0x00000000d5580000,0x00000000d5580000,0x00000000d5e80000)
  from space 2560K, 88% used [0x00000000d6100000,0x00000000d6336aa0,0x00000000d6380000)
  to   space 2560K, 0% used [0x00000000d5e80000,0x00000000d5e80000,0x00000000d6100000)
 ParOldGen       total 205824K, used 205570K [0x0000000080000000, 0x000000008c900000, 0x00000000d5580000)
  object space 205824K, 99% used [0x0000000080000000,0x000000008c8c0940,0x000000008c900000)
 Metaspace       used 77711K, committed 79360K, reserved 1179648K
  class space    used 8174K, committed 8960K, reserved 1048576K
}
Event: 158.809 GC heap before
{Heap before GC invocations=122 (full 3):
 PSYoungGen      total 11776K, used 11482K [0x00000000d5580000, 0x00000000d6380000, 0x0000000100000000)
  eden space 9216K, 100% used [0x00000000d5580000,0x00000000d5e80000,0x00000000d5e80000)
  from space 2560K, 88% used [0x00000000d6100000,0x00000000d6336aa0,0x00000000d6380000)
  to   space 2560K, 0% used [0x00000000d5e80000,0x00000000d5e80000,0x00000000d6100000)
 ParOldGen       total 205824K, used 205570K [0x0000000080000000, 0x000000008c900000, 0x00000000d5580000)
  object space 205824K, 99% used [0x0000000080000000,0x000000008c8c0940,0x000000008c900000)
 Metaspace       used 77711K, committed 79360K, reserved 1179648K
  class space    used 8174K, committed 8960K, reserved 1048576K
}
Event: 158.814 GC heap after
{Heap after GC invocations=122 (full 3):
 PSYoungGen      total 11776K, used 2392K [0x00000000d5580000, 0x00000000d6380000, 0x0000000100000000)
  eden space 9216K, 0% used [0x00000000d5580000,0x00000000d5580000,0x00000000d5e80000)
  from space 2560K, 93% used [0x00000000d5e80000,0x00000000d60d6310,0x00000000d6100000)
  to   space 2560K, 0% used [0x00000000d6100000,0x00000000d6100000,0x00000000d6380000)
 ParOldGen       total 207872K, used 207659K [0x0000000080000000, 0x000000008cb00000, 0x00000000d5580000)
  object space 207872K, 99% used [0x0000000080000000,0x000000008cacaf68,0x000000008cb00000)
 Metaspace       used 77711K, committed 79360K, reserved 1179648K
  class space    used 8174K, committed 8960K, reserved 1048576K
}
Event: 158.951 GC heap before
{Heap before GC invocations=123 (full 3):
 PSYoungGen      total 11776K, used 11608K [0x00000000d5580000, 0x00000000d6380000, 0x0000000100000000)
  eden space 9216K, 100% used [0x00000000d5580000,0x00000000d5e80000,0x00000000d5e80000)
  from space 2560K, 93% used [0x00000000d5e80000,0x00000000d60d6310,0x00000000d6100000)
  to   space 2560K, 0% used [0x00000000d6100000,0x00000000d6100000,0x00000000d6380000)
 ParOldGen       total 207872K, used 207659K [0x0000000080000000, 0x000000008cb00000, 0x00000000d5580000)
  object space 207872K, 99% used [0x0000000080000000,0x000000008cacaf68,0x000000008cb00000)
 Metaspace       used 77711K, committed 79360K, reserved 1179648K
  class space    used 8174K, committed 8960K, reserved 1048576K
}
Event: 158.956 GC heap after
{Heap after GC invocations=123 (full 3):
 PSYoungGen      total 11776K, used 2367K [0x00000000d5580000, 0x00000000d6380000, 0x0000000100000000)
  eden space 9216K, 0% used [0x00000000d5580000,0x00000000d5580000,0x00000000d5e80000)
  from space 2560K, 92% used [0x00000000d6100000,0x00000000d634fec0,0x00000000d6380000)
  to   space 2560K, 0% used [0x00000000d5e80000,0x00000000d5e80000,0x00000000d6100000)
 ParOldGen       total 209920K, used 209822K [0x0000000080000000, 0x000000008cd00000, 0x00000000d5580000)
  object space 209920K, 99% used [0x0000000080000000,0x000000008cce78b8,0x000000008cd00000)
 Metaspace       used 77711K, committed 79360K, reserved 1179648K
  class space    used 8174K, committed 8960K, reserved 1048576K
}

